<?xml version="1.0" encoding="UTF-8"?>
<!-- Generated by org.testng.reporters.JUnitReportReporter -->
<testsuite hostname="DESKTOP-QN57SV0" failures="0" tests="1" name="com.Banking_Test_Cases.Reset_password_Page_Test_01" time="10.866" errors="0" timestamp="2020-11-16T18:07:59 EST" skipped="0">
  <testcase classname="com.Banking_Test_Cases.Reset_password_Page_Test_01" name="password_reset_page" time="10.866"/>
  <system-out/>
</testsuite> <!-- com.Banking_Test_Cases.Reset_password_Page_Test_01 -->
