<?xml version="1.0" encoding="UTF-8"?>
<!-- Generated by org.testng.reporters.JUnitReportReporter -->
<testsuite hostname="DESKTOP-QN57SV0" failures="0" tests="1" name="com.Banking_Test_Cases.TC_Homae_page_01" time="14.420" errors="0" timestamp="2020-11-16T15:34:31 EST" skipped="0">
  <testcase classname="com.Banking_Test_Cases.TC_Homae_page_01" name="LoginPage_test" time="14.420"/>
  <system-out/>
</testsuite> <!-- com.Banking_Test_Cases.TC_Homae_page_01 -->
