<?xml version="1.0" encoding="UTF-8"?>
<!-- Generated by org.testng.reporters.JUnitReportReporter -->
<testsuite hostname="DESKTOP-QN57SV0" failures="0" tests="1" name="com.Banking_Test_Cases.TC_Home_page_02" time="17.789" errors="0" timestamp="2020-11-16T15:08:44 EST" skipped="0">
  <testcase classname="com.Banking_Test_Cases.TC_Home_page_02" name="homepage" time="17.789"/>
  <system-out/>
</testsuite> <!-- com.Banking_Test_Cases.TC_Home_page_02 -->
